<?xml version="1.0" encoding="UTF-8"?>
<!-- Generated by org.testng.reporters.JUnitReportReporter -->
<testsuite hostname="DH33CJR2" failures="0" tests="1" name="TestCases.LoginTests" time="0.658" errors="0" timestamp="25 Nov 2019 21:13:32 GMT">
  <testcase classname="TestCases.LoginTests" name="testSuccessfulLogin" time="0.658"/>
</testsuite> <!-- TestCases.LoginTests -->
